#
# There is insufficient memory for the Java Runtime Environment to continue.
# Native memory allocation (mmap) failed to map 125829120 bytes. Error detail: G1 virtual space
# Possible reasons:
#   The system is out of physical RAM or swap space
#   This process is running with CompressedOops enabled, and the Java Heap may be blocking the growth of the native heap
# Possible solutions:
#   Reduce memory load on the system
#   Increase physical memory or swap space
#   Check if swap backing store is full
#   Decrease Java heap size (-Xmx/-Xms)
#   Decrease number of Java threads
#   Decrease Java thread stack sizes (-Xss)
#   Set larger code cache with -XX:ReservedCodeCacheSize=
#   JVM is running with Unscaled Compressed Oops mode in which the Java heap is
#     placed in the first 4GB address space. The Java Heap base address is the
#     maximum limit for the native heap growth. Please use -XX:HeapBaseMinAddress
#     to set the Java Heap base and to place the Java Heap above 4GB virtual address.
# This output file may be truncated or incomplete.
#
#  Out of Memory Error (os_windows.cpp:3825), pid=7640, tid=7848
#
# JRE version:  (17.0.11) (build )
# Java VM: OpenJDK 64-Bit Server VM (17.0.11+0--11852314, mixed mode, sharing, tiered, compressed oops, compressed class ptrs, g1 gc, windows-amd64)
# No core dump will be written. Minidumps are not enabled by default on client versions of Windows
#

---------------  S U M M A R Y ------------

Command Line: com.android.tools.r8.D8 --file-per-class --release --no-desugaring --output E:\Program-DEV\Steal Alien Indonesia\Projects\SimpleUI\SimpleUI\app\build\intermediates\dex\release\minifyReleaseWithR8\fileperclass.zip E:\Program-DEV\Steal Alien Indonesia\Projects\SimpleUI\SimpleUI\app\build\intermediates\dex\release\minifyReleaseWithR8\classes.dex

Host: AMD Ryzen 7 4800H with Radeon Graphics         , 16 cores, 7G,  Windows 11 , 64 bit Build 26100 (10.0.26100.2161)
Time: Tue Oct 29 15:38:45 2024 SE Asia Standard Time elapsed time: 1.115985 seconds (0d 0h 0m 1s)

---------------  T H R E A D  ---------------

Current thread (0x00000249f74b5880):  JavaThread "Unknown thread" [_thread_in_vm, id=7848, stack(0x000000cdf9100000,0x000000cdf9200000)]

Stack: [0x000000cdf9100000,0x000000cdf9200000]
Native frames: (J=compiled Java code, j=interpreted, Vv=VM code, C=native code)
V  [jvm.dll+0x687bb9]
V  [jvm.dll+0x84142a]
V  [jvm.dll+0x8430ae]
V  [jvm.dll+0x843713]
V  [jvm.dll+0x24a35f]
V  [jvm.dll+0x684989]
V  [jvm.dll+0x67923a]
V  [jvm.dll+0x30af0b]
V  [jvm.dll+0x3123b6]
V  [jvm.dll+0x361dfe]
V  [jvm.dll+0x36202f]
V  [jvm.dll+0x2e0d38]
V  [jvm.dll+0x2e1ca4]
V  [jvm.dll+0x811f21]
V  [jvm.dll+0x36fb68]
V  [jvm.dll+0x7f0896]
V  [jvm.dll+0x3f3d2f]
V  [jvm.dll+0x3f58e1]
C  [jli.dll+0x528f]
C  [ucrtbase.dll+0x14ea0]
C  [KERNEL32.DLL+0x2dbe7]
C  [ntdll.dll+0xdfbec]


---------------  P R O C E S S  ---------------

Threads class SMR info:
_java_thread_list=0x00007ffef32cefd8, length=0, elements={
}

Java Threads: ( => current thread )

Other Threads:
  0x00000249f75137e0 GCTaskThread "GC Thread#0" [stack: 0x000000cdf9200000,0x000000cdf9300000] [id=33132]
  0x00000249f75234b0 ConcurrentGCThread "G1 Main Marker" [stack: 0x000000cdf9300000,0x000000cdf9400000] [id=7256]
  0x00000249f7524ba0 ConcurrentGCThread "G1 Conc#0" [stack: 0x000000cdf9400000,0x000000cdf9500000] [id=21312]

[error occurred during error reporting (printing all threads), id 0xc0000005, EXCEPTION_ACCESS_VIOLATION (0xc0000005) at pc=0x00007ffef2a81907]

VM state: not at safepoint (not fully initialized)

VM Mutex/Monitor currently owned by a thread:  ([mutex/lock_event])
[0x00000249f74b4100] Heap_lock - owner thread: 0x00000249f74b5880

Heap address: 0x0000000089400000, size: 1900 MB, Compressed Oops mode: 32-bit

CDS archive(s) mapped at: [0x0000000000000000-0x0000000000000000-0x0000000000000000), size 0, SharedBaseAddress: 0x0000000800000000, ArchiveRelocationMode: 1.
Narrow klass base: 0x0000000000000000, Narrow klass shift: 0, Narrow klass range: 0x0

GC Precious Log:
<Empty>

Heap:
 garbage-first heap   total 0K, used 0K [0x0000000089400000, 0x0000000100000000)
  region size 1024K, 0 young (0K), 0 survivors (0K)
 Metaspace       used 0K, committed 0K, reserved 0K
  class space    used 0K, committed 0K, reserved 0K

Heap Regions: E=young(eden), S=young(survivor), O=old, HS=humongous(starts), HC=humongous(continues), CS=collection set, F=free, OA=open archive, CA=closed archive, TAMS=top-at-mark-start (previous, next)

Card table byte_map: [0x00000249fbd90000,0x00000249fc150000] _byte_map_base: 0x00000249fb946000

Marking Bits (Prev, Next): (CMBitMap*) 0x00000249f7513e00, (CMBitMap*) 0x00000249f7513e40
 Prev Bits: [0x00000249fc510000, 0x00000249fe2c0000)
 Next Bits: [0x000002498f000000, 0x0000024990db0000)

GC Heap History (0 events):
No events

Dll operation events (1 events):
Event: 0.033 Loaded shared library C:\Program Files\Android\Android Studio\jbr\bin\java.dll

Deoptimization events (0 events):
No events

Classes unloaded (0 events):
No events

Classes redefined (0 events):
No events

Internal exceptions (0 events):
No events

VM Operations (0 events):
No events

Events (0 events):
No events


Dynamic libraries:
0x00007ff6d03a0000 - 0x00007ff6d03aa000 	C:\Program Files\Android\Android Studio\jbr\bin\java.exe
0x00007fff7f780000 - 0x00007fff7f9e3000 	C:\WINDOWS\SYSTEM32\ntdll.dll
0x00007fff7e160000 - 0x00007fff7e228000 	C:\WINDOWS\System32\KERNEL32.DLL
0x00007fff7d0d0000 - 0x00007fff7d481000 	C:\WINDOWS\System32\KERNELBASE.dll
0x00007fff7ced0000 - 0x00007fff7d01b000 	C:\WINDOWS\System32\ucrtbase.dll
0x00007fff611c0000 - 0x00007fff611d7000 	C:\Program Files\Android\Android Studio\jbr\bin\jli.dll
0x00007fff54010000 - 0x00007fff5402b000 	C:\Program Files\Android\Android Studio\jbr\bin\VCRUNTIME140.dll
0x00007fff7e500000 - 0x00007fff7e6c8000 	C:\WINDOWS\System32\USER32.dll
0x00007fff7cea0000 - 0x00007fff7cec7000 	C:\WINDOWS\System32\win32u.dll
0x00007fff7e3e0000 - 0x00007fff7e40a000 	C:\WINDOWS\System32\GDI32.dll
0x00007fff69e10000 - 0x00007fff6a0a0000 	C:\WINDOWS\WinSxS\amd64_microsoft.windows.common-controls_6595b64144ccf1df_6.0.26100.2161_none_3e0cadb0e33078e1\COMCTL32.dll
0x00007fff7ccf0000 - 0x00007fff7ce15000 	C:\WINDOWS\System32\gdi32full.dll
0x00007fff7e750000 - 0x00007fff7e7f9000 	C:\WINDOWS\System32\msvcrt.dll
0x00007fff7d020000 - 0x00007fff7d0c3000 	C:\WINDOWS\System32\msvcp_win.dll
0x00007fff7e4c0000 - 0x00007fff7e4ef000 	C:\WINDOWS\System32\IMM32.DLL
0x00007fff60130000 - 0x00007fff6013c000 	C:\Program Files\Android\Android Studio\jbr\bin\vcruntime140_1.dll
0x00007fff3acc0000 - 0x00007fff3ad4d000 	C:\Program Files\Android\Android Studio\jbr\bin\msvcp140.dll
0x00007ffef2790000 - 0x00007ffef3413000 	C:\Program Files\Android\Android Studio\jbr\bin\server\jvm.dll
0x00007fff7d760000 - 0x00007fff7d814000 	C:\WINDOWS\System32\ADVAPI32.dll
0x00007fff7e410000 - 0x00007fff7e4b6000 	C:\WINDOWS\System32\sechost.dll
0x00007fff7e2b0000 - 0x00007fff7e3c6000 	C:\WINDOWS\System32\RPCRT4.dll
0x00007fff7ca00000 - 0x00007fff7ca4e000 	C:\WINDOWS\SYSTEM32\POWRPROF.dll
0x00007fff55a80000 - 0x00007fff55a8a000 	C:\WINDOWS\SYSTEM32\WSOCK32.dll
0x00007fff76090000 - 0x00007fff7609b000 	C:\WINDOWS\SYSTEM32\VERSION.dll
0x00007fff74c40000 - 0x00007fff74c76000 	C:\WINDOWS\SYSTEM32\WINMM.dll
0x00007fff7e6d0000 - 0x00007fff7e744000 	C:\WINDOWS\System32\WS2_32.dll
0x00007fff7c930000 - 0x00007fff7c944000 	C:\WINDOWS\SYSTEM32\UMPDC.dll
0x00007fff7ba30000 - 0x00007fff7ba4a000 	C:\WINDOWS\SYSTEM32\kernel.appcore.dll
0x00007fff6e2d0000 - 0x00007fff6e2da000 	C:\Program Files\Android\Android Studio\jbr\bin\jimage.dll
0x00007fff7a460000 - 0x00007fff7a6a1000 	C:\WINDOWS\SYSTEM32\DBGHELP.DLL
0x00007fff7dae0000 - 0x00007fff7de5d000 	C:\WINDOWS\System32\combase.dll
0x00007fff7d920000 - 0x00007fff7d9f6000 	C:\WINDOWS\System32\OLEAUT32.dll
0x00007fff69000000 - 0x00007fff69039000 	C:\WINDOWS\SYSTEM32\dbgcore.DLL
0x00007fff7d490000 - 0x00007fff7d529000 	C:\WINDOWS\System32\bcryptPrimitives.dll
0x00007fff55680000 - 0x00007fff556a5000 	C:\Program Files\Android\Android Studio\jbr\bin\java.dll

dbghelp: loaded successfully - version: 4.0.5 - missing functions: none
symbol engine: initialized successfully - sym options: 0x614 - pdb path: .;C:\Program Files\Android\Android Studio\jbr\bin;C:\WINDOWS\SYSTEM32;C:\WINDOWS\WinSxS\amd64_microsoft.windows.common-controls_6595b64144ccf1df_6.0.26100.2161_none_3e0cadb0e33078e1;C:\Program Files\Android\Android Studio\jbr\bin\server

VM Arguments:
java_command: com.android.tools.r8.D8 --file-per-class --release --no-desugaring --output E:\Program-DEV\Steal Alien Indonesia\Projects\SimpleUI\SimpleUI\app\build\intermediates\dex\release\minifyReleaseWithR8\fileperclass.zip E:\Program-DEV\Steal Alien Indonesia\Projects\SimpleUI\SimpleUI\app\build\intermediates\dex\release\minifyReleaseWithR8\classes.dex
java_class_path (initial): C:\Users\tohap_88\AppData\Local\Android\Sdk\build-tools\34.0.0\lib\d8.jar
Launcher Type: SUN_STANDARD

[Global flags]
     intx CICompilerCount                          = 12                                        {product} {ergonomic}
     uint ConcGCThreads                            = 3                                         {product} {ergonomic}
     uint G1ConcRefinementThreads                  = 13                                        {product} {ergonomic}
   size_t G1HeapRegionSize                         = 1048576                                   {product} {ergonomic}
    uintx GCDrainStackTargetSize                   = 64                                        {product} {ergonomic}
   size_t InitialHeapSize                          = 125829120                                 {product} {ergonomic}
   size_t MarkStackSize                            = 4194304                                   {product} {ergonomic}
   size_t MaxHeapSize                              = 1992294400                                {product} {ergonomic}
   size_t MinHeapDeltaBytes                        = 1048576                                   {product} {ergonomic}
   size_t MinHeapSize                              = 8388608                                   {product} {ergonomic}
    uintx NonNMethodCodeHeapSize                   = 7602480                                {pd product} {ergonomic}
    uintx NonProfiledCodeHeapSize                  = 122027880                              {pd product} {ergonomic}
    uintx ProfiledCodeHeapSize                     = 122027880                              {pd product} {ergonomic}
    uintx ReservedCodeCacheSize                    = 251658240                              {pd product} {ergonomic}
     bool SegmentedCodeCache                       = true                                      {product} {ergonomic}
   size_t SoftMaxHeapSize                          = 1992294400                             {manageable} {ergonomic}
     bool UseCompressedClassPointers               = true                           {product lp64_product} {ergonomic}
     bool UseCompressedOops                        = true                           {product lp64_product} {ergonomic}
     bool UseG1GC                                  = true                                      {product} {ergonomic}
     bool UseLargePagesIndividualAllocation        = false                                  {pd product} {ergonomic}

Logging:
Log output configuration:
 #0: stdout all=warning uptime,level,tags
 #1: stderr all=off uptime,level,tags

Environment Variables:
JAVA_HOME=C:\Program Files\Java\jdk-19\
PATH=C:\Python312\Scripts\;C:\Python312\;C:\Program Files\Python311\Scripts\;C:\Program Files\Python311\;C:\Windows\system32;C:\Windows;C:\Windows\System32\Wbem;C:\Windows\System32\WindowsPowerShell\v1.0\;C:\Windows\System32\OpenSSH\;C:\Program Files (x86)\NVIDIA Corporation\PhysX\Common;C:\Program Files\NVIDIA Corporation\NVIDIA NvDLISR;C:\WINDOWS\system32;C:\WINDOWS;C:\WINDOWS\System32\Wbem;C:\WINDOWS\System32\WindowsPowerShell\v1.0\;C:\WINDOWS\System32\OpenSSH\;C:\ProgramData\chocolatey\bin;D:\Program-DEV\Flutter\env\flutter\bin;C:\Users\tohap_88\AppData\Local\Android\Sdk\platform-tools;C:\Program Files\Docker\Docker\resources\bin;C:\Program Files\Java\jdk-19\bin;C:\Program Files\Git\cmd;C:\Program Files\dotnet\;C:\Program Files\JetBrains\IntelliJ IDEA 2024.1.1\plugins\maven\lib\maven3\bin;C:\Program Files\Microsoft VS Code Insiders\bin;C:\Program Files\nodejs\;C:\Users\tohap_88\AppData\Local\Android\Sdk\cmdline-tools\bin;C:\Program Files\Apktool;C:\Users\tohap_88\AppData\Local\Android\Sdk\tools;C:\Users\tohap_88\AppData\Local\Microsoft\WindowsApps;;C:\Program Files\JetBrains\IntelliJ IDEA 2024.2.3\bin;;C:\Program Files\JetBrains\PyCharm 2024.2.3\bin;;C:\Users\tohap_88\AppData\Roaming\npm;C:\Program Files\JetBrains\WebStorm 2024.2.3\bin;
USERNAME=tohap_88
OS=Windows_NT
PROCESSOR_IDENTIFIER=AMD64 Family 23 Model 96 Stepping 1, AuthenticAMD
TMP=C:\Users\tohap_88\AppData\Local\Temp
TEMP=C:\Users\tohap_88\AppData\Local\Temp



Periodic native trim disabled

JNI global refs:
JNI global refs: 0, weak refs: 0

JNI global refs memory usage: 0, weak refs: 0

Process memory usage:
Resident Set Size: 12172K (0% of 7781492K total physical memory with 179240K free physical memory)

OOME stack traces (most recent first):
Classloader memory used:


---------------  S Y S T E M  ---------------

OS:
 Windows 11 , 64 bit Build 26100 (10.0.26100.2161)
OS uptime: 1 days 4:14 hours
Hyper-V role detected

CPU: total 16 (initial active 16) (16 cores per cpu, 2 threads per core) family 23 model 96 stepping 1 microcode 0x8600106, cx8, cmov, fxsr, ht, mmx, 3dnowpref, sse, sse2, sse3, ssse3, sse4a, sse4.1, sse4.2, popcnt, lzcnt, tsc, tscinvbit, avx, avx2, aes, clmul, bmi1, bmi2, adx, sha, fma, vzeroupper, clflush, clflushopt, hv
Processor Information for all 16 processors :
  Max Mhz: 2901, Current Mhz: 2901, Mhz Limit: 2901

Memory: 4k page, system-wide physical 7599M (175M free)
TotalPageFile size 31151M (AvailPageFile size 124M)
current process WorkingSet (physical memory assigned to process): 11M, peak: 11M
current process commit charge ("private bytes"): 70M, peak: 190M

vm_info: OpenJDK 64-Bit Server VM (17.0.11+0--11852314) for windows-amd64 JRE (17.0.11+0--11852314), built on May 16 2024 21:29:20 by "androidbuild" with MS VC++ 16.10 / 16.11 (VS2019)

END.
